<?xml version="1.0" encoding="UTF-8"?>
<!-- Generated by org.testng.reporters.JUnitReportReporter -->
<testsuite hostname="MLB-MYS-NMF-20" name="com.ontestautomation.restassured.authentication.RestAssuredAuthenticationTest" tests="2" failures="0" timestamp="19 Mar 2016 08:22:16 GMT" time="3.624" errors="0">
  <testcase name="checkUserInfoContainsUserId" time="1.867" classname="com.ontestautomation.restassured.authentication.RestAssuredAuthenticationTest"/>
  <testcase name="checkNumberOfAssociatedPaymentsIsEqualToZero" time="1.757" classname="com.ontestautomation.restassured.authentication.RestAssuredAuthenticationTest"/>
</testsuite> <!-- com.ontestautomation.restassured.authentication.RestAssuredAuthenticationTest -->
