<?xml version="1.0" encoding="UTF-8"?>
<!-- Generated by org.testng.reporters.JUnitReportReporter -->
<testsuite hostname="MLB-MYS-NMF-20" name="com.ontestautomation.restassured.authentication.NewTest" tests="1" failures="0" timestamp="19 Mar 2016 08:22:16 GMT" time="7.678" errors="0">
  <testcase name="f" time="7.678" classname="com.ontestautomation.restassured.authentication.NewTest"/>
</testsuite> <!-- com.ontestautomation.restassured.authentication.NewTest -->
